<?xml version="1.0" encoding="UTF-8"?>
<testsuite name="SimpleBankSystemTest" tests="1" skipped="0" failures="0" errors="0" timestamp="2021-12-28T01:44:46" hostname="Tundes-MBP" time="2.879">
  <properties/>
  <testcase name="start" classname="SimpleBankSystemTest" time="2.879"/>
  <system-out><![CDATA[?[1;31m
Start test 1?[0m


1. Create an account
2. Log into account
0. Exit
> 0

Bye!
?[1;31m
Start test 2?[0m


1. Create an account
2. Log into account
0. Exit
> 0

Bye!
?[1;31m
Start test 3?[0m


1. Create an account
2. Log into account
0. Exit
> 0

Bye!
?[1;31m
Start test 4?[0m


1. Create an account
2. Log into account
0. Exit
> 0

Bye!
?[1;31m
Start test 5?[0m


1. Create an account
2. Log into account
0. Exit
> 1

Your card has been created
Your card number:
4000000575801255
Your card PIN:
3418

1. Create an account
2. Log into account
0. Exit
> 1

Your card has been created
Your card number:
4000005461854748
Your card PIN:
3124

1. Create an account
2. Log into account
0. Exit
> 1

Your card has been created
Your card number:
4000008567536623
Your card PIN:
2551

1. Create an account
2. Log into account
0. Exit
> 1

Your card has been created
Your card number:
4000004278727759
Your card PIN:
3301

1. Create an account
2. Log into account
0. Exit
> 1

Your card has been created
Your card number:
4000007100677712
Your card PIN:
1872

1. Create an account
2. Log into account
0. Exit
> 0

Bye!
4000000575801255
4000005461854748
4000008567536623
4000004278727759
4000007100677712
?[1;31m
Start test 6?[0m


1. Create an account
2. Log into account
0. Exit
> 1

Your card has been created
Your card number:
4000002515418244
Your card PIN:
2245

1. Create an account
2. Log into account
0. Exit
> 2

Enter your cardNumber:
> 4000002515418244
Enter your PIN:
> 2245

You have successfully logged in!

1. Balance
2. Add income
3. Do transfer
4. Close account
5. Log out
0. Exit
> 0

Bye!
?[1;31m
Start test 7?[0m


1. Create an account
2. Log into account
0. Exit
> 1

Your card has been created
Your card number:
4000004272152947
Your card PIN:
4253

1. Create an account
2. Log into account
0. Exit
> 2

Enter your cardNumber:
> 4000004272152947
Enter your PIN:
> 7155

Wrong card number or PIN!


1. Create an account
2. Log into account
0. Exit
> 0

Bye!
?[1;31m
Start test 8?[0m


1. Create an account
2. Log into account
0. Exit
> 1

Your card has been created
Your card number:
4000002745468274
Your card PIN:
3308

1. Create an account
2. Log into account
0. Exit
> 2

Enter your cardNumber:
> 400000189914120
Enter your PIN:
> 3308

Wrong card number or PIN!


1. Create an account
2. Log into account
0. Exit
> 0

Bye!
?[1;31m
Start test 9?[0m


1. Create an account
2. Log into account
0. Exit
> 1

Your card has been created
Your card number:
4000008519151364
Your card PIN:
2220

1. Create an account
2. Log into account
0. Exit
> 2

Enter your cardNumber:
> 4000008519151364
Enter your PIN:
> 2220

You have successfully logged in!

1. Balance
2. Add income
3. Do transfer
4. Close account
5. Log out
0. Exit
> 1

Balance: 0

1. Balance
2. Add income
3. Do transfer
4. Close account
5. Log out
0. Exit
> 0

Bye!
?[1;31m
Start test 10?[0m


1. Create an account
2. Log into account
0. Exit
> 1

Your card has been created
Your card number:
4000006177200622
Your card PIN:
6707

1. Create an account
2. Log into account
0. Exit
> 2

Enter your cardNumber:
> 4000006177200622
Enter your PIN:
> 6707

You have successfully logged in!

1. Balance
2. Add income
3. Do transfer
4. Close account
5. Log out
0. Exit
> 2

Enter income:
> 10000
Income was added!

1. Balance
2. Add income
3. Do transfer
4. Close account
5. Log out
0. Exit
> 0

Bye!


1. Create an account
2. Log into account
0. Exit
> 2

Enter your cardNumber:
> 4000006177200622
Enter your PIN:
> 6707

You have successfully logged in!

1. Balance
2. Add income
3. Do transfer
4. Close account
5. Log out
0. Exit
> 2

Enter income:
> 15000
Income was added!

1. Balance
2. Add income
3. Do transfer
4. Close account
5. Log out
0. Exit
> 0

Bye!
?[1;31m
Start test 11?[0m


1. Create an account
2. Log into account
0. Exit
> 1

Your card has been created
Your card number:
4000003881386904
Your card PIN:
9722

1. Create an account
2. Log into account
0. Exit
> 1

Your card has been created
Your card number:
4000005072360531
Your card PIN:
1359

1. Create an account
2. Log into account
0. Exit
> 2

Enter your cardNumber:
> 4000005072360531
Enter your PIN:
> 1359

You have successfully logged in!

1. Balance
2. Add income
3. Do transfer
4. Close account
5. Log out
0. Exit
> 3
Enter card number:
> 2000007269641764
Probably you made a mistake in the card number. Please try again!

1. Balance
2. Add income
3. Do transfer
4. Close account
5. Log out
0. Exit
> 3
Enter card number:
> 2000007269641768
Such a card does not exist.

1. Balance
2. Add income
3. Do transfer
4. Close account
5. Log out
0. Exit
> 3
Enter card number:
> 4000003881386904
Enter how much money you want to transfer:
> 100000
Not Enough money!

1. Balance
2. Add income
3. Do transfer
4. Close account
5. Log out
0. Exit
> 2

Enter income:
> 20000
Income was added!

1. Balance
2. Add income
3. Do transfer
4. Close account
5. Log out
0. Exit
> 3
Enter card number:
> 4000003881386904
Enter how much money you want to transfer:
> 10000

1. Balance
2. Add income
3. Do transfer
4. Close account
5. Log out
0. Exit
> 0

Bye!
?[1;31m
Start test 12?[0m


1. Create an account
2. Log into account
0. Exit
> 1

Your card has been created
Your card number:
4000005760226391
Your card PIN:
3245

1. Create an account
2. Log into account
0. Exit
> 2

Enter your cardNumber:
> 4000005760226391
Enter your PIN:
> 3245

You have successfully logged in!

1. Balance
2. Add income
3. Do transfer
4. Close account
5. Log out
0. Exit
> 4
The account has been closed!


1. Create an account
2. Log into account
0. Exit
> 0

Bye!
]]></system-out>
  <system-err><![CDATA[]]></system-err>
</testsuite>
